C:\Program Files (x86)\Microsoft Visual Studio\2019\Community\MSBuild\Microsoft\VC\v160\Microsoft.CppBuild.targets(513,5): warning MSB8028: The intermediate directory (Debug\) contains files shared from another project (ComponentFramework.vcxproj).  This can lead to incorrect clean and rebuild behavior.
  Camera.cpp
D:\GitHub\GAME211_Midstone_Repository\Midstone Framework\ComponentFramework\Vector.h(63,16): warning C4244: 'return': conversion from 'double' to 'float', possible loss of data
D:\GitHub\GAME211_Midstone_Repository\Midstone Framework\ComponentFramework\Vector.h(67,14): warning C4244: 'initializing': conversion from 'double' to 'float', possible loss of data
  Character.cpp
D:\GitHub\GAME211_Midstone_Repository\Midstone Framework\ComponentFramework\Vector.h(63,16): warning C4244: 'return': conversion from 'double' to 'float', possible loss of data
D:\GitHub\GAME211_Midstone_Repository\Midstone Framework\ComponentFramework\Vector.h(67,14): warning C4244: 'initializing': conversion from 'double' to 'float', possible loss of data
  Debug.cpp
  GameObject.h
  DemoObject.cpp
D:\GitHub\GAME211_Midstone_Repository\Midstone Framework\ComponentFramework\Vector.h(63,16): warning C4244: 'return': conversion from 'double' to 'float', possible loss of data
D:\GitHub\GAME211_Midstone_Repository\Midstone Framework\ComponentFramework\Vector.h(67,14): warning C4244: 'initializing': conversion from 'double' to 'float', possible loss of data
  Light.cpp
D:\GitHub\GAME211_Midstone_Repository\Midstone Framework\ComponentFramework\Vector.h(63,16): warning C4244: 'return': conversion from 'double' to 'float', possible loss of data
D:\GitHub\GAME211_Midstone_Repository\Midstone Framework\ComponentFramework\Vector.h(67,14): warning C4244: 'initializing': conversion from 'double' to 'float', possible loss of data
  Matrix2.cpp
  Object.cpp
D:\GitHub\GAME211_Midstone_Repository\Midstone Framework\ComponentFramework\Vector.h(63,16): warning C4244: 'return': conversion from 'double' to 'float', possible loss of data
D:\GitHub\GAME211_Midstone_Repository\Midstone Framework\ComponentFramework\Vector.h(67,14): warning C4244: 'initializing': conversion from 'double' to 'float', possible loss of data
  Particle.cpp
D:\GitHub\GAME211_Midstone_Repository\Midstone Framework\ComponentFramework\Vector.h(63,16): warning C4244: 'return': conversion from 'double' to 'float', possible loss of data
D:\GitHub\GAME211_Midstone_Repository\Midstone Framework\ComponentFramework\Vector.h(67,14): warning C4244: 'initializing': conversion from 'double' to 'float', possible loss of data
  Perlin.cpp
  Physics.cpp
D:\GitHub\GAME211_Midstone_Repository\Midstone Framework\ComponentFramework\Vector.h(63,16): warning C4244: 'return': conversion from 'double' to 'float', possible loss of data
D:\GitHub\GAME211_Midstone_Repository\Midstone Framework\ComponentFramework\Vector.h(67,14): warning C4244: 'initializing': conversion from 'double' to 'float', possible loss of data
D:\GitHub\GAME211_Midstone_Repository\Midstone Framework\ComponentFramework\Physics.cpp(115,75): warning C4244: '=': conversion from 'double' to 'float', possible loss of data
D:\GitHub\GAME211_Midstone_Repository\Midstone Framework\ComponentFramework\Physics.cpp(121,64): warning C4244: '=': conversion from 'double' to 'float', possible loss of data
  PhysicsObject.cpp
D:\GitHub\GAME211_Midstone_Repository\Midstone Framework\ComponentFramework\Vector.h(63,16): warning C4244: 'return': conversion from 'double' to 'float', possible loss of data
D:\GitHub\GAME211_Midstone_Repository\Midstone Framework\ComponentFramework\Vector.h(67,14): warning C4244: 'initializing': conversion from 'double' to 'float', possible loss of data
  Randomizer.cpp
  SceneManager.cpp
D:\GitHub\GAME211_Midstone_Repository\Midstone Framework\ComponentFramework\Vector.h(63,16): warning C4244: 'return': conversion from 'double' to 'float', possible loss of data
D:\GitHub\GAME211_Midstone_Repository\Midstone Framework\ComponentFramework\Vector.h(67,14): warning C4244: 'initializing': conversion from 'double' to 'float', possible loss of data
  Main.cpp
  Mesh.cpp
D:\GitHub\GAME211_Midstone_Repository\Midstone Framework\ComponentFramework\Vector.h(63,16): warning C4244: 'return': conversion from 'double' to 'float', possible loss of data
D:\GitHub\GAME211_Midstone_Repository\Midstone Framework\ComponentFramework\Vector.h(67,14): warning C4244: 'initializing': conversion from 'double' to 'float', possible loss of data
  MMath.cpp
D:\GitHub\GAME211_Midstone_Repository\Midstone Framework\ComponentFramework\Vector.h(63,16): warning C4244: 'return': conversion from 'double' to 'float', possible loss of data
D:\GitHub\GAME211_Midstone_Repository\Midstone Framework\ComponentFramework\Vector.h(67,14): warning C4244: 'initializing': conversion from 'double' to 'float', possible loss of data
  ObjLoader.cpp
D:\GitHub\GAME211_Midstone_Repository\Midstone Framework\ComponentFramework\Vector.h(63,16): warning C4244: 'return': conversion from 'double' to 'float', possible loss of data
D:\GitHub\GAME211_Midstone_Repository\Midstone Framework\ComponentFramework\Vector.h(67,14): warning C4244: 'initializing': conversion from 'double' to 'float', possible loss of data
  Scene0.cpp
D:\GitHub\GAME211_Midstone_Repository\Midstone Framework\ComponentFramework\Vector.h(63,16): warning C4244: 'return': conversion from 'double' to 'float', possible loss of data
D:\GitHub\GAME211_Midstone_Repository\Midstone Framework\ComponentFramework\Vector.h(67,14): warning C4244: 'initializing': conversion from 'double' to 'float', possible loss of data
  Shader.cpp
  Generating Code...
  Compiling...
  SkyBox.cpp
D:\GitHub\GAME211_Midstone_Repository\Midstone Framework\ComponentFramework\Vector.h(63,16): warning C4244: 'return': conversion from 'double' to 'float', possible loss of data
D:\GitHub\GAME211_Midstone_Repository\Midstone Framework\ComponentFramework\Vector.h(67,14): warning C4244: 'initializing': conversion from 'double' to 'float', possible loss of data
  Texture.cpp
  Timer.cpp
  Trackball.cpp
D:\GitHub\GAME211_Midstone_Repository\Midstone Framework\ComponentFramework\Vector.h(63,16): warning C4244: 'return': conversion from 'double' to 'float', possible loss of data
D:\GitHub\GAME211_Midstone_Repository\Midstone Framework\ComponentFramework\Vector.h(67,14): warning C4244: 'initializing': conversion from 'double' to 'float', possible loss of data
D:\GitHub\GAME211_Midstone_Repository\Midstone Framework\ComponentFramework\Trackball.cpp(51,14): warning C4244: 'initializing': conversion from 'double' to 'float', possible loss of data
  VMath.cpp
D:\GitHub\GAME211_Midstone_Repository\Midstone Framework\ComponentFramework\Vector.h(63,16): warning C4244: 'return': conversion from 'double' to 'float', possible loss of data
D:\GitHub\GAME211_Midstone_Repository\Midstone Framework\ComponentFramework\Vector.h(67,14): warning C4244: 'initializing': conversion from 'double' to 'float', possible loss of data
  Window.cpp
  Generating Code...
  ComponentFramework.vcxproj -> D:\GitHub\GAME211_Midstone_Repository\Midstone Framework\Debug\Midstone Framework.exe
