d:\visual studio\componentframework20.0.0\componentframework\debug\vc142.pdb
d:\visual studio\componentframework20.0.0\componentframework\debug\vc142.idb
d:\visual studio\componentframework20.0.0\componentframework\debug\mmath.obj
d:\visual studio\componentframework20.0.0\componentframework\debug\mesh.obj
d:\visual studio\componentframework20.0.0\componentframework\debug\main.obj
d:\visual studio\componentframework20.0.0\componentframework\debug\scenemanager.obj
d:\visual studio\componentframework20.0.0\componentframework\debug\scene6.obj
d:\visual studio\componentframework20.0.0\componentframework\debug\scene5.obj
d:\visual studio\componentframework20.0.0\componentframework\debug\scene4.obj
d:\visual studio\componentframework20.0.0\componentframework\debug\scene3.obj
d:\visual studio\componentframework20.0.0\componentframework\debug\scene2.obj
d:\visual studio\componentframework20.0.0\componentframework\debug\randomizer.obj
d:\visual studio\componentframework20.0.0\componentframework\debug\physicsobject.obj
d:\visual studio\componentframework20.0.0\componentframework\debug\physics.obj
d:\visual studio\componentframework20.0.0\componentframework\debug\perlin.obj
d:\visual studio\componentframework20.0.0\componentframework\debug\particle.obj
d:\visual studio\componentframework20.0.0\componentframework\debug\matrix2.obj
d:\visual studio\componentframework20.0.0\componentframework\debug\light.obj
d:\visual studio\componentframework20.0.0\componentframework\debug\demoobject.obj
d:\visual studio\componentframework20.0.0\componentframework\debug\gameobject.obj
d:\visual studio\componentframework20.0.0\componentframework\debug\debug.obj
d:\visual studio\componentframework20.0.0\componentframework\debug\camera.obj
d:\visual studio\componentframework20.0.0\componentframework\debug\window.obj
d:\visual studio\componentframework20.0.0\componentframework\debug\vmath.obj
d:\visual studio\componentframework20.0.0\componentframework\debug\trackball.obj
d:\visual studio\componentframework20.0.0\componentframework\debug\timer.obj
d:\visual studio\componentframework20.0.0\componentframework\debug\texture.obj
d:\visual studio\componentframework20.0.0\componentframework\debug\skybox.obj
d:\visual studio\componentframework20.0.0\componentframework\debug\shader.obj
d:\visual studio\componentframework20.0.0\componentframework\debug\scenephysics4.obj
d:\visual studio\componentframework20.0.0\componentframework\debug\scenephysics3.obj
d:\visual studio\componentframework20.0.0\componentframework\debug\scenephysics2.obj
d:\visual studio\componentframework20.0.0\componentframework\debug\scenephysics.obj
d:\visual studio\componentframework20.0.0\componentframework\debug\scene1.obj
d:\visual studio\componentframework20.0.0\componentframework\debug\scene0.obj
d:\visual studio\componentframework20.0.0\componentframework\debug\objloader.obj
d:\visual studio\componentframework20.0.0\debug\componentframework.exe
d:\visual studio\componentframework20.0.0\componentframework\debug\componentframework.ilk
d:\visual studio\componentframework20.0.0\debug\componentframework.pdb
d:\visual studio\componentframework20.0.0\componentframework\debug\componen.614c2865.tlog\cl.command.1.tlog
d:\visual studio\componentframework20.0.0\componentframework\debug\componen.614c2865.tlog\cl.read.1.tlog
d:\visual studio\componentframework20.0.0\componentframework\debug\componen.614c2865.tlog\cl.write.1.tlog
d:\visual studio\componentframework20.0.0\componentframework\debug\componen.614c2865.tlog\link.command.1.tlog
d:\visual studio\componentframework20.0.0\componentframework\debug\componen.614c2865.tlog\link.read.1.tlog
d:\visual studio\componentframework20.0.0\componentframework\debug\componen.614c2865.tlog\link.write.1.tlog
