d:\github\game211_midstone_repository\midstone framework\componentframework\debug\vc142.pdb
d:\github\game211_midstone_repository\midstone framework\componentframework\debug\vc142.idb
d:\github\game211_midstone_repository\midstone framework\componentframework\debug\gameobject.obj
d:\github\game211_midstone_repository\midstone framework\componentframework\debug\demonenemy.obj
d:\github\game211_midstone_repository\midstone framework\componentframework\debug\debug.obj
d:\github\game211_midstone_repository\midstone framework\componentframework\debug\character.obj
d:\github\game211_midstone_repository\midstone framework\componentframework\debug\camera.obj
d:\github\game211_midstone_repository\midstone framework\componentframework\debug\button.obj
d:\github\game211_midstone_repository\midstone framework\componentframework\debug\teslatowerenemy.obj
d:\github\game211_midstone_repository\midstone framework\componentframework\debug\sword.obj
d:\github\game211_midstone_repository\midstone framework\componentframework\debug\speeditem.obj
d:\github\game211_midstone_repository\midstone framework\componentframework\debug\shovel.obj
d:\github\game211_midstone_repository\midstone framework\componentframework\debug\scenedev.obj
d:\github\game211_midstone_repository\midstone framework\componentframework\debug\scene10.obj
d:\github\game211_midstone_repository\midstone framework\componentframework\debug\scene00.obj
d:\github\game211_midstone_repository\midstone framework\componentframework\debug\projectiledynamic.obj
d:\github\game211_midstone_repository\midstone framework\componentframework\debug\healthui.obj
d:\github\game211_midstone_repository\midstone framework\componentframework\debug\healingitem.obj
d:\github\game211_midstone_repository\midstone framework\componentframework\debug\door.obj
d:\github\game211_midstone_repository\midstone framework\componentframework\debug\mageenemy.obj
d:\github\game211_midstone_repository\midstone framework\componentframework\debug\axe.obj
d:\github\game211_midstone_repository\midstone framework\componentframework\debug\archerenemy.obj
d:\github\game211_midstone_repository\midstone framework\componentframework\debug\snakeenemy.obj
d:\github\game211_midstone_repository\midstone framework\componentframework\debug\skybox.obj
d:\github\game211_midstone_repository\midstone framework\componentframework\debug\shader.obj
d:\github\game211_midstone_repository\midstone framework\componentframework\debug\scenetest.obj
d:\github\game211_midstone_repository\midstone framework\componentframework\debug\objloader.obj
d:\github\game211_midstone_repository\midstone framework\componentframework\debug\mmath.obj
d:\github\game211_midstone_repository\midstone framework\componentframework\debug\mesh.obj
d:\github\game211_midstone_repository\midstone framework\componentframework\debug\main.obj
d:\github\game211_midstone_repository\midstone framework\componentframework\debug\scenemanager.obj
d:\github\game211_midstone_repository\midstone framework\componentframework\debug\room.obj
d:\github\game211_midstone_repository\midstone framework\componentframework\debug\ratenemy.obj
d:\github\game211_midstone_repository\midstone framework\componentframework\debug\randomizer.obj
d:\github\game211_midstone_repository\midstone framework\componentframework\debug\projectile.obj
d:\github\game211_midstone_repository\midstone framework\componentframework\debug\physicsobject.obj
d:\github\game211_midstone_repository\midstone framework\componentframework\debug\physics.obj
d:\github\game211_midstone_repository\midstone framework\componentframework\debug\perlin.obj
d:\github\game211_midstone_repository\midstone framework\componentframework\debug\particle.obj
d:\github\game211_midstone_repository\midstone framework\componentframework\debug\matrix2.obj
d:\github\game211_midstone_repository\midstone framework\componentframework\debug\mageturretenemy.obj
d:\github\game211_midstone_repository\midstone framework\componentframework\debug\demoobject.obj
d:\github\game211_midstone_repository\midstone framework\componentframework\debug\zweihander.obj
d:\github\game211_midstone_repository\midstone framework\componentframework\debug\window.obj
d:\github\game211_midstone_repository\midstone framework\componentframework\debug\weapon.obj
d:\github\game211_midstone_repository\midstone framework\componentframework\debug\vmath.obj
d:\github\game211_midstone_repository\midstone framework\componentframework\debug\venomprojectile.obj
d:\github\game211_midstone_repository\midstone framework\componentframework\debug\trackball.obj
d:\github\game211_midstone_repository\midstone framework\componentframework\debug\titlescreen.obj
d:\github\game211_midstone_repository\midstone framework\componentframework\debug\timer.obj
d:\github\game211_midstone_repository\midstone framework\componentframework\debug\texture.obj
d:\github\game211_midstone_repository\midstone framework\componentframework\debug\staticmesh.obj
d:\github\game211_midstone_repository\midstone framework\componentframework\debug\scene0neg1.obj
d:\github\game211_midstone_repository\midstone framework\componentframework\debug\scene10under.obj
d:\github\game211_midstone_repository\midstone framework\componentframework\debug\deathscreen.obj
d:\github\game211_midstone_repository\midstone framework\componentframework\debug\winscreen.obj
d:\github\game211_midstone_repository\midstone framework\componentframework\debug\finalenemy.obj
d:\github\game211_midstone_repository\midstone framework\debug\midstone framework.exe
d:\github\game211_midstone_repository\midstone framework\componentframework\debug\midstone framework.ilk
d:\github\game211_midstone_repository\midstone framework\debug\midstone framework.pdb
d:\github\game211_midstone_repository\midstone framework\debug\midstone framework.ilk
d:\github\game211_midstone_repository\midstone framework\componentframework\debug\midstone.614c2865.tlog\cl.command.1.tlog
d:\github\game211_midstone_repository\midstone framework\componentframework\debug\midstone.614c2865.tlog\cl.read.1.tlog
d:\github\game211_midstone_repository\midstone framework\componentframework\debug\midstone.614c2865.tlog\cl.write.1.tlog
d:\github\game211_midstone_repository\midstone framework\componentframework\debug\midstone.614c2865.tlog\link.command.1.tlog
d:\github\game211_midstone_repository\midstone framework\componentframework\debug\midstone.614c2865.tlog\link.read.1.tlog
d:\github\game211_midstone_repository\midstone framework\componentframework\debug\midstone.614c2865.tlog\link.write.1.tlog
